
Current directory is /pub/linux/mips/redhat/7.3/RPMS/noarch

   [1]Up to RPMS
May 15  2002  rpm              [2]autoconf-2.13-10.noarch.rpm  223Kb
Nov 27 10:28  rpm              [3]autoconf-2.13-17.noarch.rpm  226Kb
May 15  2002  rpm              [4]autoconf253-2.53-3.1.noarch.rpm  441Kb
Nov 27 10:28  rpm              [5]automake-1.4p5-4.1.noarch.rpm  301Kb
May 15  2002  rpm              [6]automake-1.4p5-4.noarch.rpm  301Kb
May 15  2002  rpm              [7]automake15-1.5-2.noarch.rpm  276Kb
May 15  2002  rpm              [8]basesystem-7.0-2.noarch.rpm  2Kb
May 15  2002  rpm              [9]crontabs-1.10-1.noarch.rpm  4Kb
May 15  2002  rpm              [10]dejagnu-1.4.2-3.1.noarch.rpm  199Kb
May 15  2002  rpm              [11]dummy-kernel-2.4.1-1.noarch.rpm  1Kb
May 15  2002  rpm              [12]filesystem-2.1.6-2.noarch.rpm  11Kb
May 15  2002  rpm              [13]hwdata-0.14-1.1.noarch.rpm  172Kb
Nov 27 10:46  rpm              [14]hwdata-0.14.1-1.2.noarch.rpm  181Kb
May 15  2002  rpm              [15]mailcap-2.1.9-2.noarch.rpm  15Kb
May 15  2002  rpm              [16]man-pages-1.48-2.noarch.rpm  1267Kb
May 15  2002  rpm              [17]redhat-release-7.3-1.noarch.rpm  207Kb
May 15  2002  rpm              [18]rootfiles-7.2-1.noarch.rpm  4Kb
May 15  2002  rpm              [19]setup-2.5.12-1.noarch.rpm  25Kb
May 15  2002  rpm              [20]termcap-11.0.1-10.noarch.rpm  235Kb
May 15  2002  rpm              [21]words-2-18.noarch.rpm  135Kb

References

   1. ftp://oss.sgi.com/pub/linux/mips/redhat/7.3/RPMS
   2. ftp://oss.sgi.com/pub/linux/mips/redhat/7.3/RPMS/noarch/autoconf-2.13-10.noarch.rpm
   3. ftp://oss.sgi.com/pub/linux/mips/redhat/7.3/RPMS/noarch/autoconf-2.13-17.noarch.rpm
   4. ftp://oss.sgi.com/pub/linux/mips/redhat/7.3/RPMS/noarch/autoconf253-2.53-3.1.noarch.rpm
   5. ftp://oss.sgi.com/pub/linux/mips/redhat/7.3/RPMS/noarch/automake-1.4p5-4.1.noarch.rpm
   6. ftp://oss.sgi.com/pub/linux/mips/redhat/7.3/RPMS/noarch/automake-1.4p5-4.noarch.rpm
   7. ftp://oss.sgi.com/pub/linux/mips/redhat/7.3/RPMS/noarch/automake15-1.5-2.noarch.rpm
   8. ftp://oss.sgi.com/pub/linux/mips/redhat/7.3/RPMS/noarch/basesystem-7.0-2.noarch.rpm
   9. ftp://oss.sgi.com/pub/linux/mips/redhat/7.3/RPMS/noarch/crontabs-1.10-1.noarch.rpm
  10. ftp://oss.sgi.com/pub/linux/mips/redhat/7.3/RPMS/noarch/dejagnu-1.4.2-3.1.noarch.rpm
  11. ftp://oss.sgi.com/pub/linux/mips/redhat/7.3/RPMS/noarch/dummy-kernel-2.4.1-1.noarch.rpm
  12. ftp://oss.sgi.com/pub/linux/mips/redhat/7.3/RPMS/noarch/filesystem-2.1.6-2.noarch.rpm
  13. ftp://oss.sgi.com/pub/linux/mips/redhat/7.3/RPMS/noarch/hwdata-0.14-1.1.noarch.rpm
  14. ftp://oss.sgi.com/pub/linux/mips/redhat/7.3/RPMS/noarch/hwdata-0.14.1-1.2.noarch.rpm
  15. ftp://oss.sgi.com/pub/linux/mips/redhat/7.3/RPMS/noarch/mailcap-2.1.9-2.noarch.rpm
  16. ftp://oss.sgi.com/pub/linux/mips/redhat/7.3/RPMS/noarch/man-pages-1.48-2.noarch.rpm
  17. ftp://oss.sgi.com/pub/linux/mips/redhat/7.3/RPMS/noarch/redhat-release-7.3-1.noarch.rpm
  18. ftp://oss.sgi.com/pub/linux/mips/redhat/7.3/RPMS/noarch/rootfiles-7.2-1.noarch.rpm
  19. ftp://oss.sgi.com/pub/linux/mips/redhat/7.3/RPMS/noarch/setup-2.5.12-1.noarch.rpm
  20. ftp://oss.sgi.com/pub/linux/mips/redhat/7.3/RPMS/noarch/termcap-11.0.1-10.noarch.rpm
  21. ftp://oss.sgi.com/pub/linux/mips/redhat/7.3/RPMS/noarch/words-2-18.noarch.rpm

Current directory is /pub/linux/mips/redhat/7.3/RPMS/mips

   [1]Up to RPMS
May 15  2002  rpm              [2]ElectricFence-2.2.2-8.1.mips.rpm  29Kb
May 26  2002  rpm              [3]MAKEDEV-3.3-4.1.mips.rpm  106Kb
May 15  2002  rpm              [4]MesaLib-3.5-0.1.mips.rpm  649Kb
May 15  2002  rpm              [5]MesaLib-GLU-3.5-0.1.mips.rpm  282Kb
May 15  2002  rpm              [6]MesaLib-GLU-devel-3.5-0.1.mips.rpm  310Kb
May 15  2002  rpm              [7]MesaLib-devel-3.5-0.1.mips.rpm  735Kb
May 19  2002  rpm              [8]SysVinit-2.84-2.1.mips.rpm  82Kb
Nov 27 11:20  rpm              [9]XFree86-4.2.0-72.2.mips.rpm  1096Kb
May 19  2002  rpm              [10]XFree86-4.2.0-8.1.mips.rpm  1023Kb
Nov 27 11:21  rpm              [11]XFree86-Mesa-libGL-4.2.0-72.2.mips.rpm  175K
b
Nov 27 11:21  rpm              [12]XFree86-Mesa-libGLU-4.2.0-72.2.mips.rpm  275
Kb
Nov 27 11:21  rpm              [13]XFree86-devel-4.2.0-72.2.mips.rpm  5151Kb
May 19  2002  rpm              [14]XFree86-devel-4.2.0-8.1.mips.rpm  5122Kb
Nov 27 11:21  rpm              [15]XFree86-libs-4.2.0-72.2.mips.rpm  2189Kb
May 19  2002  rpm              [16]XFree86-libs-4.2.0-8.1.mips.rpm  2473Kb
Nov 27 11:21  rpm              [17]XFree86-tools-4.2.0-72.2.mips.rpm  644Kb
May 19  2002  rpm              [18]XFree86-tools-4.2.0-8.1.mips.rpm  559Kb
Nov 27 11:21  rpm              [19]XFree86-twm-4.2.0-72.2.mips.rpm  186Kb
May 19  2002  rpm              [20]XFree86-twm-4.2.0-8.1.mips.rpm  140Kb
Nov 27 11:21  rpm              [21]XFree86-xauth-4.2.0-72.2.mips.rpm  108Kb
Nov 27 11:21  rpm              [22]XFree86-xdm-4.2.0-72.2.mips.rpm  182Kb
May 19  2002  rpm              [23]XFree86-xdm-4.2.0-8.1.mips.rpm  158Kb
Nov 27 11:21  rpm              [24]XFree86-xtrap-clients-4.2.0-72.2.mips.rpm  1
03Kb
May 19  2002  rpm              [25]XFree86-xtrap-clients-4.2.0-8.1.mips.rpm  80
Kb
May 15  2002  rpm              [26]anacron-2.3-17.1.mips.rpm  30Kb
May 15  2002  rpm              [27]ash-0.3.7-2.1.mips.rpm  353Kb
May 24  2002  rpm              [28]at-3.1.8-23.3.mips.rpm  41Kb
May 15  2002  rpm              [29]authconfig-4.2.8-4.1.mips.rpm  92Kb
May 15  2002  rpm              [30]autofs-4.0.0pre10-0.4.mips.rpm  72Kb
Nov 27 10:28  rpm              [31]autofs-4.0.0pre10-0.6.mips.rpm  72Kb
May 15  2002  rpm              [32]bash-2.05a-13.1.mips.rpm  728Kb
May 15  2002  rpm              [33]bash-doc-2.05a-13.1.mips.rpm  755Kb
May 15  2002  rpm              [34]bdflush-1.5-17.1.mips.rpm  8Kb
Jun 27  2002  rpm              [35]binutils-2.12.90.0.14-1.mips.rpm  2338Kb
Nov 27 22:47  rpm              [36]binutils-2.13.90.0.16-1.mips.rpm  2418Kb
Aug 14  2002  rpm              [37]binutils-2.13.90.0.4-1.mips.rpm  2365Kb
May 15  2002  rpm              [38]bison-1.35-1.mips.rpm  191Kb
May 15  2002  rpm              [39]busybox-0.60.2-4.1.mips.rpm  182Kb
May 15  2002  rpm              [40]byacc-1.9-19.1.mips.rpm  42Kb
May 15  2002  rpm              [41]bzip2-1.0.2-2.1.mips.rpm  43Kb
May 15  2002  rpm              [42]bzip2-devel-1.0.2-2.1.mips.rpm  36Kb
May 15  2002  rpm              [43]bzip2-libs-1.0.2-2.1.mips.rpm  33Kb
May 15  2002  rpm              [44]chkconfig-1.3.5-3.1.mips.rpm  69Kb
May 15  2002  rpm              [45]console-tools-19990829-40.1.mips.rpm  1147Kb
May 15  2002  rpm              [46]cpio-2.4.2-26.1.mips.rpm  50Kb
May 15  2002  rpm              [47]cpp-2.96-110.1.mips.rpm  200Kb
Aug  9  2002  rpm              [48]cpp-2.96-112.1.mips.rpm  200Kb
Nov 27 10:40  rpm              [49]cpp-2.96-113.2.mips.rpm  201Kb
May 15  2002  rpm              [50]cracklib-2.7-15.1.mips.rpm  38Kb
May 15  2002  rpm              [51]cracklib-dicts-2.7-15.1.mips.rpm  407Kb
May 15  2002  rpm              [52]db1-1.85-8.1.mips.rpm  41Kb
May 15  2002  rpm              [53]db1-devel-1.85-8.1.mips.rpm  193Kb
May 15  2002  rpm              [54]db2-2.4.14-10.1.mips.rpm  136Kb
May 15  2002  rpm              [55]db2-devel-2.4.14-10.1.mips.rpm  210Kb
Jun 27  2002  rpm              [56]db3-3.3.11-6.2.mips.rpm  644Kb
Jun 27  2002  rpm              [57]db3-devel-3.3.11-6.2.mips.rpm  1544Kb
Jun 27  2002  rpm              [58]db3-utils-3.3.11-6.2.mips.rpm  92Kb
May 26  2002  rpm              [59]dev-3.3-4.1.mips.rpm  812Kb
May 15  2002  rpm              [60]devfsd-1.3.18-1.1.mips.rpm  24Kb
May 15  2002  rpm              [61]dhcpcd-1.3.22pl1-7.1.mips.rpm  34Kb
May 15  2002  rpm              [62]diffutils-2.7.2-5.mips.rpm  129Kb
May 15  2002  rpm              [63]dosfstools-2.8-1.1.mips.rpm  45Kb
May 15  2002  rpm              [64]e2fsprogs-1.27-3.1.mips.rpm  504Kb
May 15  2002  rpm              [65]e2fsprogs-devel-1.27-3.1.mips.rpm  722Kb
May 15  2002  rpm              [66]ed-0.2-25.mips.rpm  61Kb
May 15  2002  rpm              [67]eject-2.0.12-4.1.mips.rpm  30Kb
May 15  2002  rpm              [68]elinks-0.3.0-1.mips.rpm  388Kb
May 15  2002  rpm              [69]expect-5.32.2-67.1.mips.rpm  383Kb
Nov 27 10:04  rpm              [70]expect-5.38.0.20021015-67.2.mips.rpm  390Kb
May 15  2002  rpm              [71]file-3.37-5.1.mips.rpm  152Kb
May 15  2002  rpm              [72]fileutils-4.1-10.1.mips.rpm  698Kb
May 15  2002  rpm              [73]findutils-4.1.7-4.mips.rpm  84Kb
May 15  2002  rpm              [74]flex-2.5.4a-23.mips.rpm  124Kb
May 15  2002  rpm              [75]freetype-2.0.9-2.1.mips.rpm  562Kb
Aug  9  2002  rpm              [76]freetype-2.1.2-0.1.mips.rpm  570Kb
May 15  2002  rpm              [77]freetype-devel-2.0.9-2.1.mips.rpm  471Kb
Aug  9  2002  rpm              [78]freetype-devel-2.1.2-0.1.mips.rpm  489Kb
May 15  2002  rpm              [79]ftp-0.17-13.1.mips.rpm  56Kb
May 15  2002  rpm              [80]gawk-3.1.0-4.mips.rpm  576Kb
May 15  2002  rpm              [81]gcc-2.96-110.1.mips.rpm  2941Kb
Aug  9  2002  rpm              [82]gcc-2.96-112.1.mips.rpm  2941Kb
Nov 27 10:39  rpm              [83]gcc-2.96-113.2.mips.rpm  2942Kb
May 15  2002  rpm              [84]gcc-c++-2.96-110.1.mips.rpm  1847Kb
Aug  9  2002  rpm              [85]gcc-c++-2.96-112.1.mips.rpm  1847Kb
Nov 27 10:39  rpm              [86]gcc-c++-2.96-113.2.mips.rpm  1822Kb
May 15  2002  rpm              [87]gcc-chill-2.96-110.1.mips.rpm  1310Kb
Aug  9  2002  rpm              [88]gcc-chill-2.96-112.1.mips.rpm  1310Kb
Nov 27 10:40  rpm              [89]gcc-chill-2.96-113.2.mips.rpm  1311Kb
May 15  2002  rpm              [90]gcc-g77-2.96-110.1.mips.rpm  1764Kb
Aug  9  2002  rpm              [91]gcc-g77-2.96-112.1.mips.rpm  1764Kb
Nov 27 10:40  rpm              [92]gcc-g77-2.96-113.2.mips.rpm  1765Kb
May 15  2002  rpm              [93]gcc-java-2.96-110.1.mips.rpm  1351Kb
Aug  9  2002  rpm              [94]gcc-java-2.96-112.1.mips.rpm  1351Kb
Nov 27 10:40  rpm              [95]gcc-java-2.96-113.2.mips.rpm  1352Kb
May 15  2002  rpm              [96]gcc-objc-2.96-110.1.mips.rpm  1213Kb
Aug  9  2002  rpm              [97]gcc-objc-2.96-112.1.mips.rpm  1214Kb
Nov 27 10:40  rpm              [98]gcc-objc-2.96-113.2.mips.rpm  1214Kb
May 15  2002  rpm              [99]gd-1.8.4-4.1.mips.rpm  101Kb
May 15  2002  rpm              [100]gd-devel-1.8.4-4.1.mips.rpm  52Kb
May 15  2002  rpm              [101]gd-progs-1.8.4-4.1.mips.rpm  136Kb
Jun 27  2002  rpm              [102]gdb-5.2-0.8.mips.rpm  1622Kb
Aug  9  2002  rpm              [103]gdb-5.2.1-0.2.mips.rpm  1622Kb
Nov 27 10:43  rpm              [104]gdb-5.2.90-0.2.mips.rpm  1663Kb
May 15  2002  rpm              [105]gdbm-1.8.0-14.1.mips.rpm  25Kb
May 15  2002  rpm              [106]gdbm-devel-1.8.0-14.1.mips.rpm  36Kb
May 15  2002  rpm              [107]gettext-0.11.1-2.1.mips.rpm  1638Kb
May 15  2002  rpm              [108]glib-1.2.10-5.1.mips.rpm  132Kb
May 15  2002  rpm              [109]glib-devel-1.2.10-5.1.mips.rpm  135Kb
May 15  2002  rpm              [110]glib2-2.0.1-2.1.mips.rpm  374Kb
May 15  2002  rpm              [111]glib2-devel-2.0.1-2.1.mips.rpm  442Kb
Jun 27  2002  rpm              [112]glibc-2.2.5-36.1.mips.rpm  3344Kb
Aug  9  2002  rpm              [113]glibc-2.2.5-37.1.mips.rpm  4998Kb
Nov 27 09:52  rpm              [114]glibc-2.2.5-42.1.mips.rpm  5004Kb
Jun 27  2002  rpm              [115]glibc-common-2.2.5-36.1.mips.rpm  4535Kb
Aug  9  2002  rpm              [116]glibc-common-2.2.5-37.1.mips.rpm  4536Kb
Nov 27 09:53  rpm              [117]glibc-common-2.2.5-42.1.mips.rpm  4536Kb
Jun 27  2002  rpm              [118]glibc-debug-2.2.5-36.1.mips.rpm  2658Kb
Aug  9  2002  rpm              [119]glibc-debug-2.2.5-37.1.mips.rpm  2658Kb
Nov 27 09:53  rpm              [120]glibc-debug-2.2.5-42.1.mips.rpm  2662Kb
Jun 27  2002  rpm              [121]glibc-debug-static-2.2.5-36.1.mips.rpm  911
3Kb
Aug  9  2002  rpm              [122]glibc-debug-static-2.2.5-37.1.mips.rpm  911
4Kb
Nov 27 09:53  rpm              [123]glibc-debug-static-2.2.5-42.1.mips.rpm  911
6Kb
Jun 27  2002  rpm              [124]glibc-devel-2.2.5-36.1.mips.rpm  2606Kb
Aug  9  2002  rpm              [125]glibc-devel-2.2.5-37.1.mips.rpm  2607Kb
Nov 27 09:52  rpm              [126]glibc-devel-2.2.5-42.1.mips.rpm  2606Kb
May 16  2002  rpm              [127]glibc-kernheaders-2.4.15pre9-1.mips.rpm  11
34Kb
Nov 27 09:36  rpm              [128]glibc-kernheaders-2.4.20pre6-1.mips.rpm  12
66Kb
Jun 27  2002  rpm              [129]glibc-profile-2.2.5-36.1.mips.rpm  9141Kb
Aug  9  2002  rpm              [130]glibc-profile-2.2.5-37.1.mips.rpm  9142Kb
Nov 27 09:53  rpm              [131]glibc-profile-2.2.5-42.1.mips.rpm  9144Kb
Jun 27  2002  rpm              [132]glibc-utils-2.2.5-36.1.mips.rpm  30Kb
Aug  9  2002  rpm              [133]glibc-utils-2.2.5-37.1.mips.rpm  49Kb
Nov 27 09:53  rpm              [134]glibc-utils-2.2.5-42.1.mips.rpm  52Kb
May 15  2002  rpm              [135]gmp-4.0.1-3.1.mips.rpm  159Kb
May 15  2002  rpm              [136]gmp-devel-4.0.1-3.1.mips.rpm  318Kb
May 15  2002  rpm              [137]gperf-2.7.2-2.mips.rpm  75Kb
May 15  2002  rpm              [138]grep-2.5.1-1.1.mips.rpm  143Kb
May 15  2002  rpm              [139]groff-1.17.2-12.1.mips.rpm  1935Kb
May 15  2002  rpm              [140]groff-perl-1.17.2-12.1.mips.rpm  15Kb
May 15  2002  rpm              [141]gzip-1.3.3-1.mips.rpm  97Kb
May 15  2002  rpm              [142]hdparm-4.6-1.1.mips.rpm  31Kb
Jun 27  2002  rpm              [143]hotplug-2002_04_01-3.2.mips.rpm  35Kb
May 19  2002  rpm              [144]info-4.1-1.1.mips.rpm  142Kb
Jun 27  2002  rpm              [145]initscripts-6.67-1.3.mips.rpm  626Kb
May 19  2002  rpm              [146]iproute-2.4.7-1.1.mips.rpm  336Kb
May 19  2002  rpm              [147]iptables-1.2.5-3.1.mips.rpm  150Kb
May 19  2002  rpm              [148]iptables-ipv6-1.2.5-3.1.mips.rpm  121Kb
May 24  2002  rpm              [149]iputils-20020124-3.2.mips.rpm  98Kb
May 15  2002  rpm              [150]itcl-3.2-67.1.mips.rpm  150Kb
Nov 27 10:04  rpm              [151]itcl-3.2-67.2.mips.rpm  150Kb
May 19  2002  rpm              [152]kbdconfig-1.9.15-2.1.mips.rpm  31Kb
May 19  2002  rpm              [153]ksymoops-2.4.4-1.1.mips.rpm  365Kb
May 23  2002  rpm              [154]kudzu-0.99.52-1.2.mips.rpm  334Kb
Nov 27 10:15  rpm              [155]kudzu-0.99.52-1.4.mips.rpm  336Kb
May 23  2002  rpm              [156]kudzu-devel-0.99.52-1.2.mips.rpm  355Kb
Nov 27 10:15  rpm              [157]kudzu-devel-0.99.52-1.4.mips.rpm  357Kb
May 19  2002  rpm              [158]less-358-24.1.mips.rpm  90Kb
Nov 27 10:23  rpm              [159]libcap-1.10-12.1.mips.rpm  22Kb
May 15  2002  rpm              [160]libcap-1.10-8.1.mips.rpm  21Kb
Nov 27 10:23  rpm              [161]libcap-devel-1.10-12.1.mips.rpm  13Kb
May 15  2002  rpm              [162]libcap-devel-1.10-8.1.mips.rpm  13Kb
May 15  2002  rpm              [163]libelf-0.7.0-2.2.mips.rpm  135Kb
Aug  9  2002  rpm              [164]libelf-0.7.0-6.1.mips.rpm  59Kb
Aug  9  2002  rpm              [165]libelf-devel-0.7.0-6.1.mips.rpm  79Kb
May 15  2002  rpm              [166]libghttp-1.0.9-2.1.mips.rpm  38Kb
May 15  2002  rpm              [167]libghttp-devel-1.0.9-2.1.mips.rpm  21Kb
May 15  2002  rpm              [168]libjpeg-6b-19.1.mips.rpm  139Kb
May 15  2002  rpm              [169]libjpeg-devel-6b-19.1.mips.rpm  179Kb
May 16  2002  rpm              [170]libol-0.2.20-0.1.mips.rpm  26Kb
May 16  2002  rpm              [171]libol-devel-0.2.20-0.1.mips.rpm  42Kb
May 15  2002  rpm              [172]libpng-1.0.12-2.1.mips.rpm  132Kb
Nov 27 10:17  rpm              [173]libpng-1.0.14-0.7x.3.1.mips.rpm  138Kb
May 15  2002  rpm              [174]libpng-devel-1.0.12-2.1.mips.rpm  162Kb
Nov 27 10:17  rpm              [175]libpng-devel-1.0.14-0.7x.3.1.mips.rpm  166K
b
May 15  2002  rpm              [176]libstdc++-2.96-110.1.mips.rpm  165Kb
Aug  9  2002  rpm              [177]libstdc++-2.96-112.1.mips.rpm  165Kb
Nov 27 10:39  rpm              [178]libstdc++-2.96-113.2.mips.rpm  166Kb
May 15  2002  rpm              [179]libstdc++-devel-2.96-110.1.mips.rpm  379Kb
Aug  9  2002  rpm              [180]libstdc++-devel-2.96-112.1.mips.rpm  379Kb
Nov 27 10:40  rpm              [181]libstdc++-devel-2.96-113.2.mips.rpm  379Kb
May 15  2002  rpm              [182]libtermcap-2.0.8-28.1.mips.rpm  11Kb
May 15  2002  rpm              [183]libtermcap-devel-2.0.8-28.1.mips.rpm  58Kb
May 19  2002  rpm              [184]libtool-1.4.2-7.1.mips.rpm  565Kb
May 19  2002  rpm              [185]libtool-libs-1.4.2-7.1.mips.rpm  18Kb
May 15  2002  rpm              [186]libuser-0.50.2-1.1.mips.rpm  207Kb
May 15  2002  rpm              [187]libuser-devel-0.50.2-1.1.mips.rpm  75Kb
May 15  2002  rpm              [188]libxml-1.8.17-3.1.mips.rpm  202Kb
May 15  2002  rpm              [189]libxml-devel-1.8.17-3.1.mips.rpm  346Kb
May 15  2002  rpm              [190]lockdev-1.0.0-16.1.mips.rpm  12Kb
May 15  2002  rpm              [191]lockdev-devel-1.0.0-16.1.mips.rpm  13Kb
May 19  2002  rpm              [192]logrotate-3.6.4-1.1.mips.rpm  27Kb
Jun 27  2002  rpm              [193]losetup-2.11n-12.2.mips.rpm  25Kb
Aug  9  2002  rpm              [194]losetup-2.11n-12.7.3.1.mips.rpm  25Kb
Nov 27 10:49  rpm              [195]lvm-1.0.3-4.mips.rpm  572Kb
May 19  2002  rpm              [196]m4-1.4.1-7.mips.rpm  84Kb
May 19  2002  rpm              [197]mailx-8.1.1-22.1.mips.rpm  55Kb
May 19  2002  rpm              [198]make-3.79.1-8.1.mips.rpm  310Kb
May 19  2002  rpm              [199]man-1.5j-6.1.mips.rpm  105Kb
May 19  2002  rpm              [200]mingetty-1.00-1.1.mips.rpm  17Kb
May 19  2002  rpm              [201]mktemp-1.5-14.1.mips.rpm  7Kb
May 19  2002  rpm              [202]modutils-2.4.14-3.1.mips.rpm  447Kb
Aug  9  2002  rpm              [203]modutils-2.4.14-3.2.mips.rpm  447Kb
Nov 27 10:50  rpm              [204]modutils-2.4.18-3.7x.1.mips.rpm  451Kb
May 19  2002  rpm              [205]modutils-devel-2.4.14-3.1.mips.rpm  54Kb
Aug  9  2002  rpm              [206]modutils-devel-2.4.14-3.2.mips.rpm  54Kb
Nov 27 10:50  rpm              [207]modutils-devel-2.4.18-3.7x.1.mips.rpm  56Kb
Jun 27  2002  rpm              [208]mount-2.11n-12.2.mips.rpm  94Kb
Aug  9  2002  rpm              [209]mount-2.11n-12.7.3.1.mips.rpm  94Kb
May 19  2002  rpm              [210]mouseconfig-4.25-1.1.mips.rpm  117Kb
May 22  2002  rpm              [211]mpatrol-1.4.7-0.4.mips.rpm  3979Kb
May 19  2002  rpm              [212]mutt-1.2.5.1-1.1.mips.rpm  968Kb
May 19  2002  rpm              [213]ncftp-3.1.3-3.1.mips.rpm  514Kb
May 15  2002  rpm              [214]ncurses-5.2-26.1.mips.rpm  841Kb
May 15  2002  rpm              [215]ncurses-c++-devel-5.2-26.1.mips.rpm  93Kb
May 15  2002  rpm              [216]ncurses-devel-5.2-26.1.mips.rpm  672Kb
May 19  2002  rpm              [217]net-tools-1.60-4.1.mips.rpm  349Kb
May 19  2002  rpm              [218]netconfig-0.8.11-7.1.mips.rpm  32Kb
May 15  2002  rpm              [219]newt-0.50.35-1.1.mips.rpm  77Kb
May 15  2002  rpm              [220]newt-devel-0.50.35-1.1.mips.rpm  67Kb
May 24  2002  rpm              [221]nfs-utils-1.0.1-2.mips.rpm  141Kb
Nov 27 10:52  rpm              [222]nfs-utils-1.0.2-0.4.mips.rpm  144Kb
Jun 27  2002  rpm              [223]nscd-2.2.5-36.1.mips.rpm  36Kb
Aug  9  2002  rpm              [224]nscd-2.2.5-37.1.mips.rpm  36Kb
Nov 27 09:53  rpm              [225]nscd-2.2.5-42.1.mips.rpm  37Kb
May 19  2002  rpm              [226]ntp-4.1.1-1.1.mips.rpm  1126Kb
Nov 27 10:52  rpm              [227]ntp-4.1.1-1.2.mips.rpm  1126Kb
May 15  2002  rpm              [228]ntsysv-1.3.5-3.1.mips.rpm  20Kb
May 19  2002  rpm              [229]open-1.4-11.1.mips.rpm  10Kb
Jun 28  2002  rpm              [230]openssh-3.1p1-6.1.mips.rpm  220Kb
Nov 27 10:53  rpm              [231]openssh-3.1p1-6.2.mips.rpm  221Kb
Jun 28  2002  rpm              [232]openssh-clients-3.1p1-6.1.mips.rpm  325Kb
Nov 27 10:53  rpm              [233]openssh-clients-3.1p1-6.2.mips.rpm  325Kb
Jun 28  2002  rpm              [234]openssh-server-3.1p1-6.1.mips.rpm  185Kb
Nov 27 10:53  rpm              [235]openssh-server-3.1p1-6.2.mips.rpm  185Kb
May 15  2002  rpm              [236]openssl-0.9.6b-18.1.mips.rpm  1420Kb
Aug  9  2002  rpm              [237]openssl-0.9.6b-28.1.mips.rpm  1423Kb
May 15  2002  rpm              [238]openssl-devel-0.9.6b-18.1.mips.rpm  1276Kb
Aug  9  2002  rpm              [239]openssl-devel-0.9.6b-28.1.mips.rpm  1278Kb
May 15  2002  rpm              [240]openssl-perl-0.9.6b-18.1.mips.rpm  19Kb
Aug  9  2002  rpm              [241]openssl-perl-0.9.6b-28.1.mips.rpm  20Kb
May 25  2002  rpm              [242]pam-0.75-32.1.mips.rpm  864Kb
Nov 27 10:00  rpm              [243]pam-0.75-32.2.mips.rpm  864Kb
May 15  2002  rpm              [244]pam-devel-0.75-32.1.mips.rpm  71Kb
Nov 27 10:00  rpm              [245]pam-devel-0.75-32.2.mips.rpm  71Kb
Nov 27 10:54  rpm              [246]parted-1.4.24-3.2.mips.rpm  728Kb
Nov 27 10:54  rpm              [247]parted-devel-1.4.24-3.2.mips.rpm  12Kb
May 19  2002  rpm              [248]passwd-0.67-1.1.mips.rpm  14Kb
May 19  2002  rpm              [249]patch-2.5.4-12.1.mips.rpm  72Kb
May 15  2002  rpm              [250]pciutils-2.1.9-2.1.mips.rpm  51Kb
May 15  2002  rpm              [251]pciutils-devel-2.1.9-2.1.mips.rpm  23Kb
May 15  2002  rpm              [252]pcre-3.9-2.1.mips.rpm  37Kb
May 15  2002  rpm              [253]pcre-devel-3.9-2.1.mips.rpm  59Kb
May 19  2002  rpm              [254]pkgconfig-0.12.0-1.1.mips.rpm  48Kb
May 19  2002  rpm              [255]pmake-1.45-4.1.mips.rpm  139Kb
Jun 27  2002  rpm              [256]popt-1.6.4-7x.18.3.mips.rpm  61Kb
May 24  2002  rpm              [257]portmap-4.0-41.2.mips.rpm  32Kb
May 19  2002  rpm              [258]postfix-1.1.7-2.1.mips.rpm  2643Kb
Jun 27  2002  rpm              [259]postgresql-7.2.1-5.1.mips.rpm  1411Kb
Jun 27  2002  rpm              [260]postgresql-contrib-7.2.1-5.1.mips.rpm  1207
Kb
Jun 27  2002  rpm              [261]postgresql-devel-7.2.1-5.1.mips.rpm  534Kb
Jun 27  2002  rpm              [262]postgresql-docs-7.2.1-5.1.mips.rpm  971Kb
Jun 27  2002  rpm              [263]postgresql-jdbc-7.2.1-5.1.mips.rpm  366Kb
Jun 27  2002  rpm              [264]postgresql-libs-7.2.1-5.1.mips.rpm  89Kb
Jun 27  2002  rpm              [265]postgresql-odbc-7.2.1-5.1.mips.rpm  103Kb
Jun 27  2002  rpm              [266]postgresql-python-7.2.1-5.1.mips.rpm  46Kb
Jun 27  2002  rpm              [267]postgresql-server-7.2.1-5.1.mips.rpm  1709K
b
Jun 27  2002  rpm              [268]postgresql-tcl-7.2.1-5.1.mips.rpm  39Kb
May 24  2002  rpm              [269]procmail-3.22-5.2.mips.rpm  178Kb
May 19  2002  rpm              [270]procps-2.0.7-12.1.mips.rpm  159Kb
May 19  2002  rpm              [271]procps-X11-2.0.7-12.1.mips.rpm  4Kb
May 19  2002  rpm              [272]psmisc-20.2-2.1.mips.rpm  28Kb
Aug  9  2002  rpm              [273]psmisc-20.2-3.73.1.mips.rpm  31Kb
May 19  2002  rpm              [274]pump-0.8.11-7.1.mips.rpm  39Kb
May 19  2002  rpm              [275]pump-devel-0.8.11-7.1.mips.rpm  43Kb
May 15  2002  rpm              [276]pwdb-0.61.2-2.1.mips.rpm  136Kb
May 24  2002  rpm              [277]python-1.5.2-38.2.mips.rpm  1587Kb
May 24  2002  rpm              [278]python-devel-1.5.2-38.2.mips.rpm  795Kb
May 24  2002  rpm              [279]python-docs-1.5.2-38.2.mips.rpm  822Kb
May 24  2002  rpm              [280]python-tools-1.5.2-38.2.mips.rpm  104Kb
May 19  2002  rpm              [281]rdate-1.2-1.1.mips.rpm  6Kb
May 15  2002  rpm              [282]readline-4.2a-4.1.mips.rpm  175Kb
May 15  2002  rpm              [283]readline-devel-4.2a-4.1.mips.rpm  136Kb
Jun 27  2002  rpm              [284]rpm-4.0.4-7x.18.3.mips.rpm  2426Kb
Jun 27  2002  rpm              [285]rpm-build-4.0.4-7x.18.3.mips.rpm  72Kb
Jun 27  2002  rpm              [286]rpm-devel-4.0.4-7x.18.3.mips.rpm  3727Kb
Jun 27  2002  rpm              [287]rpm-python-4.0.4-7x.18.3.mips.rpm  31Kb
May 19  2002  rpm              [288]rsh-0.17-5.1.mips.rpm  32Kb
May 19  2002  rpm              [289]rsh-server-0.17-5.1.mips.rpm  32Kb
May 19  2002  rpm              [290]sed-3.02-11.mips.rpm  47Kb
May 19  2002  rpm              [291]setserial-2.17-5.mips.rpm  20Kb
May 19  2002  rpm              [292]setuptool-1.8-2.1.mips.rpm  10Kb
May 19  2002  rpm              [293]sh-utils-2.0.11-14.1.mips.rpm  451Kb
May 19  2002  rpm              [294]shadow-utils-20000902-7.mips.rpm  331Kb
May 15  2002  rpm              [295]slang-1.4.5-2.1.mips.rpm  191Kb
May 15  2002  rpm              [296]slang-devel-1.4.5-2.1.mips.rpm  560Kb
May 19  2002  rpm              [297]slocate-2.6-1.mips.rpm  31Kb
May 19  2002  rpm              [298]strace-4.4-4.1.mips.rpm  111Kb
Nov 27 10:59  rpm              [299]strace-4.4-8.1.mips.rpm  113Kb
May 19  2002  rpm              [300]sysklogd-1.4.1-8.1.mips.rpm  63Kb
Nov 27 11:00  rpm              [301]tar-1.13.25-4.7.1.mips.rpm  201Kb
May 19  2002  rpm              [302]tar-1.13.25-4.mips.rpm  201Kb
May 15  2002  rpm              [303]tcl-8.3.3-67.1.mips.rpm  1538Kb
Nov 27 10:04  rpm              [304]tcl-8.3.3-67.2.mips.rpm  1538Kb
May 15  2002  rpm              [305]tcllib-1.0-67.1.mips.rpm  231Kb
Nov 27 10:04  rpm              [306]tcllib-1.0-67.2.mips.rpm  230Kb
May 15  2002  rpm              [307]tclx-8.3-67.1.mips.rpm  443Kb
Nov 27 10:04  rpm              [308]tclx-8.3-67.2.mips.rpm  442Kb
May 24  2002  rpm              [309]tcp_wrappers-7.6-19.2.mips.rpm  90Kb
Jun 10  2002  rpm              [310]tcsh-6.10-6.1.mips.rpm  506Kb
May 19  2002  rpm              [311]telnet-0.17-20.1.mips.rpm  50Kb
May 19  2002  rpm              [312]telnet-server-0.17-20.1.mips.rpm  30Kb
May 19  2002  rpm              [313]texinfo-4.1-1.1.mips.rpm  671Kb
May 19  2002  rpm              [314]textutils-2.0.21-1.1.mips.rpm  791Kb
Jun 27  2002  rpm              [315]tftp-0.28-2.1.mips.rpm  21Kb
Nov 27 11:02  rpm              [316]tftp-0.30-0.1.mips.rpm  21Kb
Jun 27  2002  rpm              [317]tftp-server-0.28-2.1.mips.rpm  36Kb
Nov 27 11:02  rpm              [318]tftp-server-0.30-0.1.mips.rpm  37Kb
May 19  2002  rpm              [319]time-1.7-16.mips.rpm  15Kb
May 19  2002  rpm              [320]timeconfig-3.2.7-1.1.mips.rpm  159Kb
May 19  2002  rpm              [321]tmpwatch-2.8.3-1.1.mips.rpm  13Kb
May 19  2002  rpm              [322]traceroute-1.4a12-2.mips.rpm  22Kb
May 19  2002  rpm              [323]usbutils-0.9-5.mips.rpm  39Kb
May 19  2002  rpm              [324]usermode-1.53-2.1.mips.rpm  63Kb
May 15  2002  rpm              [325]utempter-0.5.2-6.1.mips.rpm  17Kb
Jun 27  2002  rpm              [326]util-linux-2.11n-12.2.mips.rpm  982Kb
Aug  9  2002  rpm              [327]util-linux-2.11n-12.7.3.1.mips.rpm  983Kb
May 19  2002  rpm              [328]vim-6.1-2.1.mips.rpm  3998Kb
May 19  2002  rpm              [329]vixie-cron-3.0.1-64.1.mips.rpm  36Kb
May 19  2002  rpm              [330]which-2.13-3.mips.rpm  18Kb
May 19  2002  rpm              [331]wireless-tools-23-2.1.mips.rpm  48Kb
May 19  2002  rpm              [332]wvdial-1.41-16.1.mips.rpm  144Kb
May 24  2002  rpm              [333]xinetd-2.3.4-0.8.mips.rpm  224Kb
Nov 27 11:04  rpm              [334]xinetd-2.3.9-0.73.mips.rpm  234Kb
May 19  2002  rpm              [335]yp-tools-2.6-4.mips.rpm  53Kb
May 19  2002  rpm              [336]ypbind-1.10-7.mips.rpm  28Kb
May 19  2002  rpm              [337]ypserv-2.2-9.1.mips.rpm  109Kb
Nov 27 11:05  rpm              [338]ypserv-2.5-2.7x.1.mips.rpm  114Kb
May 15  2002  rpm              [339]zlib-1.1.3-25.7.1.mips.rpm  34Kb
May 15  2002  rpm              [340]zlib-devel-1.1.3-25.7.1.mips.rpm  69Kb
May 24  2002  rpm              [341]zsh-4.0.4-5.2.mips.rpm  1492Kb
Nov 27 11:06  rpm              [342]zsh-4.0.4-5.3.mips.rpm  1491Kb

References

   1. ftp://oss.sgi.com/pub/linux/mips/redhat/7.3/RPMS
   2. ftp://oss.sgi.com/pub/linux/mips/redhat/7.3/RPMS/mips/ElectricFence-2.2.2-8.1.mips.rpm
   3. ftp://oss.sgi.com/pub/linux/mips/redhat/7.3/RPMS/mips/MAKEDEV-3.3-4.1.mips.rpm
   4. ftp://oss.sgi.com/pub/linux/mips/redhat/7.3/RPMS/mips/MesaLib-3.5-0.1.mips.rpm
   5. ftp://oss.sgi.com/pub/linux/mips/redhat/7.3/RPMS/mips/MesaLib-GLU-3.5-0.1.mips.rpm
   6. ftp://oss.sgi.com/pub/linux/mips/redhat/7.3/RPMS/mips/MesaLib-GLU-devel-3.5-0.1.mips.rpm
   7. ftp://oss.sgi.com/pub/linux/mips/redhat/7.3/RPMS/mips/MesaLib-devel-3.5-0.1.mips.rpm
   8. ftp://oss.sgi.com/pub/linux/mips/redhat/7.3/RPMS/mips/SysVinit-2.84-2.1.mips.rpm
   9. ftp://oss.sgi.com/pub/linux/mips/redhat/7.3/RPMS/mips/XFree86-4.2.0-72.2.mips.rpm
  10. ftp://oss.sgi.com/pub/linux/mips/redhat/7.3/RPMS/mips/XFree86-4.2.0-8.1.mips.rpm
  11. ftp://oss.sgi.com/pub/linux/mips/redhat/7.3/RPMS/mips/XFree86-Mesa-libGL-4.2.0-72.2.mips.rpm
  12. ftp://oss.sgi.com/pub/linux/mips/redhat/7.3/RPMS/mips/XFree86-Mesa-libGLU-4.2.0-72.2.mips.rpm
  13. ftp://oss.sgi.com/pub/linux/mips/redhat/7.3/RPMS/mips/XFree86-devel-4.2.0-72.2.mips.rpm
  14. ftp://oss.sgi.com/pub/linux/mips/redhat/7.3/RPMS/mips/XFree86-devel-4.2.0-8.1.mips.rpm
  15. ftp://oss.sgi.com/pub/linux/mips/redhat/7.3/RPMS/mips/XFree86-libs-4.2.0-72.2.mips.rpm
  16. ftp://oss.sgi.com/pub/linux/mips/redhat/7.3/RPMS/mips/XFree86-libs-4.2.0-8.1.mips.rpm
  17. ftp://oss.sgi.com/pub/linux/mips/redhat/7.3/RPMS/mips/XFree86-tools-4.2.0-72.2.mips.rpm
  18. ftp://oss.sgi.com/pub/linux/mips/redhat/7.3/RPMS/mips/XFree86-tools-4.2.0-8.1.mips.rpm
  19. ftp://oss.sgi.com/pub/linux/mips/redhat/7.3/RPMS/mips/XFree86-twm-4.2.0-72.2.mips.rpm
  20. ftp://oss.sgi.com/pub/linux/mips/redhat/7.3/RPMS/mips/XFree86-twm-4.2.0-8.1.mips.rpm
  21. ftp://oss.sgi.com/pub/linux/mips/redhat/7.3/RPMS/mips/XFree86-xauth-4.2.0-72.2.mips.rpm
  22. ftp://oss.sgi.com/pub/linux/mips/redhat/7.3/RPMS/mips/XFree86-xdm-4.2.0-72.2.mips.rpm
  23. ftp://oss.sgi.com/pub/linux/mips/redhat/7.3/RPMS/mips/XFree86-xdm-4.2.0-8.1.mips.rpm
  24. ftp://oss.sgi.com/pub/linux/mips/redhat/7.3/RPMS/mips/XFree86-xtrap-clients-4.2.0-72.2.mips.rpm
  25. ftp://oss.sgi.com/pub/linux/mips/redhat/7.3/RPMS/mips/XFree86-xtrap-clients-4.2.0-8.1.mips.rpm
  26. ftp://oss.sgi.com/pub/linux/mips/redhat/7.3/RPMS/mips/anacron-2.3-17.1.mips.rpm
  27. ftp://oss.sgi.com/pub/linux/mips/redhat/7.3/RPMS/mips/ash-0.3.7-2.1.mips.rpm
  28. ftp://oss.sgi.com/pub/linux/mips/redhat/7.3/RPMS/mips/at-3.1.8-23.3.mips.rpm
  29. ftp://oss.sgi.com/pub/linux/mips/redhat/7.3/RPMS/mips/authconfig-4.2.8-4.1.mips.rpm
  30. ftp://oss.sgi.com/pub/linux/mips/redhat/7.3/RPMS/mips/autofs-4.0.0pre10-0.4.mips.rpm
  31. ftp://oss.sgi.com/pub/linux/mips/redhat/7.3/RPMS/mips/autofs-4.0.0pre10-0.6.mips.rpm
  32. ftp://oss.sgi.com/pub/linux/mips/redhat/7.3/RPMS/mips/bash-2.05a-13.1.mips.rpm
  33. ftp://oss.sgi.com/pub/linux/mips/redhat/7.3/RPMS/mips/bash-doc-2.05a-13.1.mips.rpm
  34. ftp://oss.sgi.com/pub/linux/mips/redhat/7.3/RPMS/mips/bdflush-1.5-17.1.mips.rpm
  35. ftp://oss.sgi.com/pub/linux/mips/redhat/7.3/RPMS/mips/binutils-2.12.90.0.14-1.mips.rpm
  36. ftp://oss.sgi.com/pub/linux/mips/redhat/7.3/RPMS/mips/binutils-2.13.90.0.16-1.mips.rpm
  37. ftp://oss.sgi.com/pub/linux/mips/redhat/7.3/RPMS/mips/binutils-2.13.90.0.4-1.mips.rpm
  38. ftp://oss.sgi.com/pub/linux/mips/redhat/7.3/RPMS/mips/bison-1.35-1.mips.rpm
  39. ftp://oss.sgi.com/pub/linux/mips/redhat/7.3/RPMS/mips/busybox-0.60.2-4.1.mips.rpm
  40. ftp://oss.sgi.com/pub/linux/mips/redhat/7.3/RPMS/mips/byacc-1.9-19.1.mips.rpm
  41. ftp://oss.sgi.com/pub/linux/mips/redhat/7.3/RPMS/mips/bzip2-1.0.2-2.1.mips.rpm
  42. ftp://oss.sgi.com/pub/linux/mips/redhat/7.3/RPMS/mips/bzip2-devel-1.0.2-2.1.mips.rpm
  43. ftp://oss.sgi.com/pub/linux/mips/redhat/7.3/RPMS/mips/bzip2-libs-1.0.2-2.1.mips.rpm
  44. ftp://oss.sgi.com/pub/linux/mips/redhat/7.3/RPMS/mips/chkconfig-1.3.5-3.1.mips.rpm
  45. ftp://oss.sgi.com/pub/linux/mips/redhat/7.3/RPMS/mips/console-tools-19990829-40.1.mips.rpm
  46. ftp://oss.sgi.com/pub/linux/mips/redhat/7.3/RPMS/mips/cpio-2.4.2-26.1.mips.rpm
  47. ftp://oss.sgi.com/pub/linux/mips/redhat/7.3/RPMS/mips/cpp-2.96-110.1.mips.rpm
  48. ftp://oss.sgi.com/pub/linux/mips/redhat/7.3/RPMS/mips/cpp-2.96-112.1.mips.rpm
  49. ftp://oss.sgi.com/pub/linux/mips/redhat/7.3/RPMS/mips/cpp-2.96-113.2.mips.rpm
  50. ftp://oss.sgi.com/pub/linux/mips/redhat/7.3/RPMS/mips/cracklib-2.7-15.1.mips.rpm
  51. ftp://oss.sgi.com/pub/linux/mips/redhat/7.3/RPMS/mips/cracklib-dicts-2.7-15.1.mips.rpm
  52. ftp://oss.sgi.com/pub/linux/mips/redhat/7.3/RPMS/mips/db1-1.85-8.1.mips.rpm
  53. ftp://oss.sgi.com/pub/linux/mips/redhat/7.3/RPMS/mips/db1-devel-1.85-8.1.mips.rpm
  54. ftp://oss.sgi.com/pub/linux/mips/redhat/7.3/RPMS/mips/db2-2.4.14-10.1.mips.rpm
  55. ftp://oss.sgi.com/pub/linux/mips/redhat/7.3/RPMS/mips/db2-devel-2.4.14-10.1.mips.rpm
  56. ftp://oss.sgi.com/pub/linux/mips/redhat/7.3/RPMS/mips/db3-3.3.11-6.2.mips.rpm
  57. ftp://oss.sgi.com/pub/linux/mips/redhat/7.3/RPMS/mips/db3-devel-3.3.11-6.2.mips.rpm
  58. ftp://oss.sgi.com/pub/linux/mips/redhat/7.3/RPMS/mips/db3-utils-3.3.11-6.2.mips.rpm
  59. ftp://oss.sgi.com/pub/linux/mips/redhat/7.3/RPMS/mips/dev-3.3-4.1.mips.rpm
  60. ftp://oss.sgi.com/pub/linux/mips/redhat/7.3/RPMS/mips/devfsd-1.3.18-1.1.mips.rpm
  61. ftp://oss.sgi.com/pub/linux/mips/redhat/7.3/RPMS/mips/dhcpcd-1.3.22pl1-7.1.mips.rpm
  62. ftp://oss.sgi.com/pub/linux/mips/redhat/7.3/RPMS/mips/diffutils-2.7.2-5.mips.rpm
  63. ftp://oss.sgi.com/pub/linux/mips/redhat/7.3/RPMS/mips/dosfstools-2.8-1.1.mips.rpm
  64. ftp://oss.sgi.com/pub/linux/mips/redhat/7.3/RPMS/mips/e2fsprogs-1.27-3.1.mips.rpm
  65. ftp://oss.sgi.com/pub/linux/mips/redhat/7.3/RPMS/mips/e2fsprogs-devel-1.27-3.1.mips.rpm
  66. ftp://oss.sgi.com/pub/linux/mips/redhat/7.3/RPMS/mips/ed-0.2-25.mips.rpm
  67. ftp://oss.sgi.com/pub/linux/mips/redhat/7.3/RPMS/mips/eject-2.0.12-4.1.mips.rpm
  68. ftp://oss.sgi.com/pub/linux/mips/redhat/7.3/RPMS/mips/elinks-0.3.0-1.mips.rpm
  69. ftp://oss.sgi.com/pub/linux/mips/redhat/7.3/RPMS/mips/expect-5.32.2-67.1.mips.rpm
  70. ftp://oss.sgi.com/pub/linux/mips/redhat/7.3/RPMS/mips/expect-5.38.0.20021015-67.2.mips.rpm
  71. ftp://oss.sgi.com/pub/linux/mips/redhat/7.3/RPMS/mips/file-3.37-5.1.mips.rpm
  72. ftp://oss.sgi.com/pub/linux/mips/redhat/7.3/RPMS/mips/fileutils-4.1-10.1.mips.rpm
  73. ftp://oss.sgi.com/pub/linux/mips/redhat/7.3/RPMS/mips/findutils-4.1.7-4.mips.rpm
  74. ftp://oss.sgi.com/pub/linux/mips/redhat/7.3/RPMS/mips/flex-2.5.4a-23.mips.rpm
  75. ftp://oss.sgi.com/pub/linux/mips/redhat/7.3/RPMS/mips/freetype-2.0.9-2.1.mips.rpm
  76. ftp://oss.sgi.com/pub/linux/mips/redhat/7.3/RPMS/mips/freetype-2.1.2-0.1.mips.rpm
  77. ftp://oss.sgi.com/pub/linux/mips/redhat/7.3/RPMS/mips/freetype-devel-2.0.9-2.1.mips.rpm
  78. ftp://oss.sgi.com/pub/linux/mips/redhat/7.3/RPMS/mips/freetype-devel-2.1.2-0.1.mips.rpm
  79. ftp://oss.sgi.com/pub/linux/mips/redhat/7.3/RPMS/mips/ftp-0.17-13.1.mips.rpm
  80. ftp://oss.sgi.com/pub/linux/mips/redhat/7.3/RPMS/mips/gawk-3.1.0-4.mips.rpm
  81. ftp://oss.sgi.com/pub/linux/mips/redhat/7.3/RPMS/mips/gcc-2.96-110.1.mips.rpm
  82. ftp://oss.sgi.com/pub/linux/mips/redhat/7.3/RPMS/mips/gcc-2.96-112.1.mips.rpm
  83. ftp://oss.sgi.com/pub/linux/mips/redhat/7.3/RPMS/mips/gcc-2.96-113.2.mips.rpm
  84. ftp://oss.sgi.com/pub/linux/mips/redhat/7.3/RPMS/mips/gcc-c++-2.96-110.1.mips.rpm
  85. ftp://oss.sgi.com/pub/linux/mips/redhat/7.3/RPMS/mips/gcc-c++-2.96-112.1.mips.rpm
  86. ftp://oss.sgi.com/pub/linux/mips/redhat/7.3/RPMS/mips/gcc-c++-2.96-113.2.mips.rpm
  87. ftp://oss.sgi.com/pub/linux/mips/redhat/7.3/RPMS/mips/gcc-chill-2.96-110.1.mips.rpm
  88. ftp://oss.sgi.com/pub/linux/mips/redhat/7.3/RPMS/mips/gcc-chill-2.96-112.1.mips.rpm
  89. ftp://oss.sgi.com/pub/linux/mips/redhat/7.3/RPMS/mips/gcc-chill-2.96-113.2.mips.rpm
  90. ftp://oss.sgi.com/pub/linux/mips/redhat/7.3/RPMS/mips/gcc-g77-2.96-110.1.mips.rpm
  91. ftp://oss.sgi.com/pub/linux/mips/redhat/7.3/RPMS/mips/gcc-g77-2.96-112.1.mips.rpm
  92. ftp://oss.sgi.com/pub/linux/mips/redhat/7.3/RPMS/mips/gcc-g77-2.96-113.2.mips.rpm
  93. ftp://oss.sgi.com/pub/linux/mips/redhat/7.3/RPMS/mips/gcc-java-2.96-110.1.mips.rpm
  94. ftp://oss.sgi.com/pub/linux/mips/redhat/7.3/RPMS/mips/gcc-java-2.96-112.1.mips.rpm
  95. ftp://oss.sgi.com/pub/linux/mips/redhat/7.3/RPMS/mips/gcc-java-2.96-113.2.mips.rpm
  96. ftp://oss.sgi.com/pub/linux/mips/redhat/7.3/RPMS/mips/gcc-objc-2.96-110.1.mips.rpm
  97. ftp://oss.sgi.com/pub/linux/mips/redhat/7.3/RPMS/mips/gcc-objc-2.96-112.1.mips.rpm
  98. ftp://oss.sgi.com/pub/linux/mips/redhat/7.3/RPMS/mips/gcc-objc-2.96-113.2.mips.rpm
  99. ftp://oss.sgi.com/pub/linux/mips/redhat/7.3/RPMS/mips/gd-1.8.4-4.1.mips.rpm
 100. ftp://oss.sgi.com/pub/linux/mips/redhat/7.3/RPMS/mips/gd-devel-1.8.4-4.1.mips.rpm
 101. ftp://oss.sgi.com/pub/linux/mips/redhat/7.3/RPMS/mips/gd-progs-1.8.4-4.1.mips.rpm
 102. ftp://oss.sgi.com/pub/linux/mips/redhat/7.3/RPMS/mips/gdb-5.2-0.8.mips.rpm
 103. ftp://oss.sgi.com/pub/linux/mips/redhat/7.3/RPMS/mips/gdb-5.2.1-0.2.mips.rpm
 104. ftp://oss.sgi.com/pub/linux/mips/redhat/7.3/RPMS/mips/gdb-5.2.90-0.2.mips.rpm
 105. ftp://oss.sgi.com/pub/linux/mips/redhat/7.3/RPMS/mips/gdbm-1.8.0-14.1.mips.rpm
 106. ftp://oss.sgi.com/pub/linux/mips/redhat/7.3/RPMS/mips/gdbm-devel-1.8.0-14.1.mips.rpm
 107. ftp://oss.sgi.com/pub/linux/mips/redhat/7.3/RPMS/mips/gettext-0.11.1-2.1.mips.rpm
 108. ftp://oss.sgi.com/pub/linux/mips/redhat/7.3/RPMS/mips/glib-1.2.10-5.1.mips.rpm
 109. ftp://oss.sgi.com/pub/linux/mips/redhat/7.3/RPMS/mips/glib-devel-1.2.10-5.1.mips.rpm
 110. ftp://oss.sgi.com/pub/linux/mips/redhat/7.3/RPMS/mips/glib2-2.0.1-2.1.mips.rpm
 111. ftp://oss.sgi.com/pub/linux/mips/redhat/7.3/RPMS/mips/glib2-devel-2.0.1-2.1.mips.rpm
 112. ftp://oss.sgi.com/pub/linux/mips/redhat/7.3/RPMS/mips/glibc-2.2.5-36.1.mips.rpm
 113. ftp://oss.sgi.com/pub/linux/mips/redhat/7.3/RPMS/mips/glibc-2.2.5-37.1.mips.rpm
 114. ftp://oss.sgi.com/pub/linux/mips/redhat/7.3/RPMS/mips/glibc-2.2.5-42.1.mips.rpm
 115. ftp://oss.sgi.com/pub/linux/mips/redhat/7.3/RPMS/mips/glibc-common-2.2.5-36.1.mips.rpm
 116. ftp://oss.sgi.com/pub/linux/mips/redhat/7.3/RPMS/mips/glibc-common-2.2.5-37.1.mips.rpm
 117. ftp://oss.sgi.com/pub/linux/mips/redhat/7.3/RPMS/mips/glibc-common-2.2.5-42.1.mips.rpm
 118. ftp://oss.sgi.com/pub/linux/mips/redhat/7.3/RPMS/mips/glibc-debug-2.2.5-36.1.mips.rpm
 119. ftp://oss.sgi.com/pub/linux/mips/redhat/7.3/RPMS/mips/glibc-debug-2.2.5-37.1.mips.rpm
 120. ftp://oss.sgi.com/pub/linux/mips/redhat/7.3/RPMS/mips/glibc-debug-2.2.5-42.1.mips.rpm
 121. ftp://oss.sgi.com/pub/linux/mips/redhat/7.3/RPMS/mips/glibc-debug-static-2.2.5-36.1.mips.rpm
 122. ftp://oss.sgi.com/pub/linux/mips/redhat/7.3/RPMS/mips/glibc-debug-static-2.2.5-37.1.mips.rpm
 123. ftp://oss.sgi.com/pub/linux/mips/redhat/7.3/RPMS/mips/glibc-debug-static-2.2.5-42.1.mips.rpm
 124. ftp://oss.sgi.com/pub/linux/mips/redhat/7.3/RPMS/mips/glibc-devel-2.2.5-36.1.mips.rpm
 125. ftp://oss.sgi.com/pub/linux/mips/redhat/7.3/RPMS/mips/glibc-devel-2.2.5-37.1.mips.rpm
 126. ftp://oss.sgi.com/pub/linux/mips/redhat/7.3/RPMS/mips/glibc-devel-2.2.5-42.1.mips.rpm
 127. ftp://oss.sgi.com/pub/linux/mips/redhat/7.3/RPMS/mips/glibc-kernheaders-2.4.15pre9-1.mips.rpm
 128. ftp://oss.sgi.com/pub/linux/mips/redhat/7.3/RPMS/mips/glibc-kernheaders-2.4.20pre6-1.mips.rpm
 129. ftp://oss.sgi.com/pub/linux/mips/redhat/7.3/RPMS/mips/glibc-profile-2.2.5-36.1.mips.rpm
 130. ftp://oss.sgi.com/pub/linux/mips/redhat/7.3/RPMS/mips/glibc-profile-2.2.5-37.1.mips.rpm
 131. ftp://oss.sgi.com/pub/linux/mips/redhat/7.3/RPMS/mips/glibc-profile-2.2.5-42.1.mips.rpm
 132. ftp://oss.sgi.com/pub/linux/mips/redhat/7.3/RPMS/mips/glibc-utils-2.2.5-36.1.mips.rpm
 133. ftp://oss.sgi.com/pub/linux/mips/redhat/7.3/RPMS/mips/glibc-utils-2.2.5-37.1.mips.rpm
 134. ftp://oss.sgi.com/pub/linux/mips/redhat/7.3/RPMS/mips/glibc-utils-2.2.5-42.1.mips.rpm
 135. ftp://oss.sgi.com/pub/linux/mips/redhat/7.3/RPMS/mips/gmp-4.0.1-3.1.mips.rpm
 136. ftp://oss.sgi.com/pub/linux/mips/redhat/7.3/RPMS/mips/gmp-devel-4.0.1-3.1.mips.rpm
 137. ftp://oss.sgi.com/pub/linux/mips/redhat/7.3/RPMS/mips/gperf-2.7.2-2.mips.rpm
 138. ftp://oss.sgi.com/pub/linux/mips/redhat/7.3/RPMS/mips/grep-2.5.1-1.1.mips.rpm
 139. ftp://oss.sgi.com/pub/linux/mips/redhat/7.3/RPMS/mips/groff-1.17.2-12.1.mips.rpm
 140. ftp://oss.sgi.com/pub/linux/mips/redhat/7.3/RPMS/mips/groff-perl-1.17.2-12.1.mips.rpm
 141. ftp://oss.sgi.com/pub/linux/mips/redhat/7.3/RPMS/mips/gzip-1.3.3-1.mips.rpm
 142. ftp://oss.sgi.com/pub/linux/mips/redhat/7.3/RPMS/mips/hdparm-4.6-1.1.mips.rpm
 143. ftp://oss.sgi.com/pub/linux/mips/redhat/7.3/RPMS/mips/hotplug-2002_04_01-3.2.mips.rpm
 144. ftp://oss.sgi.com/pub/linux/mips/redhat/7.3/RPMS/mips/info-4.1-1.1.mips.rpm
 145. ftp://oss.sgi.com/pub/linux/mips/redhat/7.3/RPMS/mips/initscripts-6.67-1.3.mips.rpm
 146. ftp://oss.sgi.com/pub/linux/mips/redhat/7.3/RPMS/mips/iproute-2.4.7-1.1.mips.rpm
 147. ftp://oss.sgi.com/pub/linux/mips/redhat/7.3/RPMS/mips/iptables-1.2.5-3.1.mips.rpm
 148. ftp://oss.sgi.com/pub/linux/mips/redhat/7.3/RPMS/mips/iptables-ipv6-1.2.5-3.1.mips.rpm
 149. ftp://oss.sgi.com/pub/linux/mips/redhat/7.3/RPMS/mips/iputils-20020124-3.2.mips.rpm
 150. ftp://oss.sgi.com/pub/linux/mips/redhat/7.3/RPMS/mips/itcl-3.2-67.1.mips.rpm
 151. ftp://oss.sgi.com/pub/linux/mips/redhat/7.3/RPMS/mips/itcl-3.2-67.2.mips.rpm
 152. ftp://oss.sgi.com/pub/linux/mips/redhat/7.3/RPMS/mips/kbdconfig-1.9.15-2.1.mips.rpm
 153. ftp://oss.sgi.com/pub/linux/mips/redhat/7.3/RPMS/mips/ksymoops-2.4.4-1.1.mips.rpm
 154. ftp://oss.sgi.com/pub/linux/mips/redhat/7.3/RPMS/mips/kudzu-0.99.52-1.2.mips.rpm
 155. ftp://oss.sgi.com/pub/linux/mips/redhat/7.3/RPMS/mips/kudzu-0.99.52-1.4.mips.rpm
 156. ftp://oss.sgi.com/pub/linux/mips/redhat/7.3/RPMS/mips/kudzu-devel-0.99.52-1.2.mips.rpm
 157. ftp://oss.sgi.com/pub/linux/mips/redhat/7.3/RPMS/mips/kudzu-devel-0.99.52-1.4.mips.rpm
 158. ftp://oss.sgi.com/pub/linux/mips/redhat/7.3/RPMS/mips/less-358-24.1.mips.rpm
 159. ftp://oss.sgi.com/pub/linux/mips/redhat/7.3/RPMS/mips/libcap-1.10-12.1.mips.rpm
 160. ftp://oss.sgi.com/pub/linux/mips/redhat/7.3/RPMS/mips/libcap-1.10-8.1.mips.rpm
 161. ftp://oss.sgi.com/pub/linux/mips/redhat/7.3/RPMS/mips/libcap-devel-1.10-12.1.mips.rpm
 162. ftp://oss.sgi.com/pub/linux/mips/redhat/7.3/RPMS/mips/libcap-devel-1.10-8.1.mips.rpm
 163. ftp://oss.sgi.com/pub/linux/mips/redhat/7.3/RPMS/mips/libelf-0.7.0-2.2.mips.rpm
 164. ftp://oss.sgi.com/pub/linux/mips/redhat/7.3/RPMS/mips/libelf-0.7.0-6.1.mips.rpm
 165. ftp://oss.sgi.com/pub/linux/mips/redhat/7.3/RPMS/mips/libelf-devel-0.7.0-6.1.mips.rpm
 166. ftp://oss.sgi.com/pub/linux/mips/redhat/7.3/RPMS/mips/libghttp-1.0.9-2.1.mips.rpm
 167. ftp://oss.sgi.com/pub/linux/mips/redhat/7.3/RPMS/mips/libghttp-devel-1.0.9-2.1.mips.rpm
 168. ftp://oss.sgi.com/pub/linux/mips/redhat/7.3/RPMS/mips/libjpeg-6b-19.1.mips.rpm
 169. ftp://oss.sgi.com/pub/linux/mips/redhat/7.3/RPMS/mips/libjpeg-devel-6b-19.1.mips.rpm
 170. ftp://oss.sgi.com/pub/linux/mips/redhat/7.3/RPMS/mips/libol-0.2.20-0.1.mips.rpm
 171. ftp://oss.sgi.com/pub/linux/mips/redhat/7.3/RPMS/mips/libol-devel-0.2.20-0.1.mips.rpm
 172. ftp://oss.sgi.com/pub/linux/mips/redhat/7.3/RPMS/mips/libpng-1.0.12-2.1.mips.rpm
 173. ftp://oss.sgi.com/pub/linux/mips/redhat/7.3/RPMS/mips/libpng-1.0.14-0.7x.3.1.mips.rpm
 174. ftp://oss.sgi.com/pub/linux/mips/redhat/7.3/RPMS/mips/libpng-devel-1.0.12-2.1.mips.rpm
 175. ftp://oss.sgi.com/pub/linux/mips/redhat/7.3/RPMS/mips/libpng-devel-1.0.14-0.7x.3.1.mips.rpm
 176. ftp://oss.sgi.com/pub/linux/mips/redhat/7.3/RPMS/mips/libstdc++-2.96-110.1.mips.rpm
 177. ftp://oss.sgi.com/pub/linux/mips/redhat/7.3/RPMS/mips/libstdc++-2.96-112.1.mips.rpm
 178. ftp://oss.sgi.com/pub/linux/mips/redhat/7.3/RPMS/mips/libstdc++-2.96-113.2.mips.rpm
 179. ftp://oss.sgi.com/pub/linux/mips/redhat/7.3/RPMS/mips/libstdc++-devel-2.96-110.1.mips.rpm
 180. ftp://oss.sgi.com/pub/linux/mips/redhat/7.3/RPMS/mips/libstdc++-devel-2.96-112.1.mips.rpm
 181. ftp://oss.sgi.com/pub/linux/mips/redhat/7.3/RPMS/mips/libstdc++-devel-2.96-113.2.mips.rpm
 182. ftp://oss.sgi.com/pub/linux/mips/redhat/7.3/RPMS/mips/libtermcap-2.0.8-28.1.mips.rpm
 183. ftp://oss.sgi.com/pub/linux/mips/redhat/7.3/RPMS/mips/libtermcap-devel-2.0.8-28.1.mips.rpm
 184. ftp://oss.sgi.com/pub/linux/mips/redhat/7.3/RPMS/mips/libtool-1.4.2-7.1.mips.rpm
 185. ftp://oss.sgi.com/pub/linux/mips/redhat/7.3/RPMS/mips/libtool-libs-1.4.2-7.1.mips.rpm
 186. ftp://oss.sgi.com/pub/linux/mips/redhat/7.3/RPMS/mips/libuser-0.50.2-1.1.mips.rpm
 187. ftp://oss.sgi.com/pub/linux/mips/redhat/7.3/RPMS/mips/libuser-devel-0.50.2-1.1.mips.rpm
 188. ftp://oss.sgi.com/pub/linux/mips/redhat/7.3/RPMS/mips/libxml-1.8.17-3.1.mips.rpm
 189. ftp://oss.sgi.com/pub/linux/mips/redhat/7.3/RPMS/mips/libxml-devel-1.8.17-3.1.mips.rpm
 190. ftp://oss.sgi.com/pub/linux/mips/redhat/7.3/RPMS/mips/lockdev-1.0.0-16.1.mips.rpm
 191. ftp://oss.sgi.com/pub/linux/mips/redhat/7.3/RPMS/mips/lockdev-devel-1.0.0-16.1.mips.rpm
 192. ftp://oss.sgi.com/pub/linux/mips/redhat/7.3/RPMS/mips/logrotate-3.6.4-1.1.mips.rpm
 193. ftp://oss.sgi.com/pub/linux/mips/redhat/7.3/RPMS/mips/losetup-2.11n-12.2.mips.rpm
 194. ftp://oss.sgi.com/pub/linux/mips/redhat/7.3/RPMS/mips/losetup-2.11n-12.7.3.1.mips.rpm
 195. ftp://oss.sgi.com/pub/linux/mips/redhat/7.3/RPMS/mips/lvm-1.0.3-4.mips.rpm
 196. ftp://oss.sgi.com/pub/linux/mips/redhat/7.3/RPMS/mips/m4-1.4.1-7.mips.rpm
 197. ftp://oss.sgi.com/pub/linux/mips/redhat/7.3/RPMS/mips/mailx-8.1.1-22.1.mips.rpm
 198. ftp://oss.sgi.com/pub/linux/mips/redhat/7.3/RPMS/mips/make-3.79.1-8.1.mips.rpm
 199. ftp://oss.sgi.com/pub/linux/mips/redhat/7.3/RPMS/mips/man-1.5j-6.1.mips.rpm
 200. ftp://oss.sgi.com/pub/linux/mips/redhat/7.3/RPMS/mips/mingetty-1.00-1.1.mips.rpm
 201. ftp://oss.sgi.com/pub/linux/mips/redhat/7.3/RPMS/mips/mktemp-1.5-14.1.mips.rpm
 202. ftp://oss.sgi.com/pub/linux/mips/redhat/7.3/RPMS/mips/modutils-2.4.14-3.1.mips.rpm
 203. ftp://oss.sgi.com/pub/linux/mips/redhat/7.3/RPMS/mips/modutils-2.4.14-3.2.mips.rpm
 204. ftp://oss.sgi.com/pub/linux/mips/redhat/7.3/RPMS/mips/modutils-2.4.18-3.7x.1.mips.rpm
 205. ftp://oss.sgi.com/pub/linux/mips/redhat/7.3/RPMS/mips/modutils-devel-2.4.14-3.1.mips.rpm
 206. ftp://oss.sgi.com/pub/linux/mips/redhat/7.3/RPMS/mips/modutils-devel-2.4.14-3.2.mips.rpm
 207. ftp://oss.sgi.com/pub/linux/mips/redhat/7.3/RPMS/mips/modutils-devel-2.4.18-3.7x.1.mips.rpm
 208. ftp://oss.sgi.com/pub/linux/mips/redhat/7.3/RPMS/mips/mount-2.11n-12.2.mips.rpm
 209. ftp://oss.sgi.com/pub/linux/mips/redhat/7.3/RPMS/mips/mount-2.11n-12.7.3.1.mips.rpm
 210. ftp://oss.sgi.com/pub/linux/mips/redhat/7.3/RPMS/mips/mouseconfig-4.25-1.1.mips.rpm
 211. ftp://oss.sgi.com/pub/linux/mips/redhat/7.3/RPMS/mips/mpatrol-1.4.7-0.4.mips.rpm
 212. ftp://oss.sgi.com/pub/linux/mips/redhat/7.3/RPMS/mips/mutt-1.2.5.1-1.1.mips.rpm
 213. ftp://oss.sgi.com/pub/linux/mips/redhat/7.3/RPMS/mips/ncftp-3.1.3-3.1.mips.rpm
 214. ftp://oss.sgi.com/pub/linux/mips/redhat/7.3/RPMS/mips/ncurses-5.2-26.1.mips.rpm
 215. ftp://oss.sgi.com/pub/linux/mips/redhat/7.3/RPMS/mips/ncurses-c++-devel-5.2-26.1.mips.rpm
 216. ftp://oss.sgi.com/pub/linux/mips/redhat/7.3/RPMS/mips/ncurses-devel-5.2-26.1.mips.rpm
 217. ftp://oss.sgi.com/pub/linux/mips/redhat/7.3/RPMS/mips/net-tools-1.60-4.1.mips.rpm
 218. ftp://oss.sgi.com/pub/linux/mips/redhat/7.3/RPMS/mips/netconfig-0.8.11-7.1.mips.rpm
 219. ftp://oss.sgi.com/pub/linux/mips/redhat/7.3/RPMS/mips/newt-0.50.35-1.1.mips.rpm
 220. ftp://oss.sgi.com/pub/linux/mips/redhat/7.3/RPMS/mips/newt-devel-0.50.35-1.1.mips.rpm
 221. ftp://oss.sgi.com/pub/linux/mips/redhat/7.3/RPMS/mips/nfs-utils-1.0.1-2.mips.rpm
 222. ftp://oss.sgi.com/pub/linux/mips/redhat/7.3/RPMS/mips/nfs-utils-1.0.2-0.4.mips.rpm
 223. ftp://oss.sgi.com/pub/linux/mips/redhat/7.3/RPMS/mips/nscd-2.2.5-36.1.mips.rpm
 224. ftp://oss.sgi.com/pub/linux/mips/redhat/7.3/RPMS/mips/nscd-2.2.5-37.1.mips.rpm
 225. ftp://oss.sgi.com/pub/linux/mips/redhat/7.3/RPMS/mips/nscd-2.2.5-42.1.mips.rpm
 226. ftp://oss.sgi.com/pub/linux/mips/redhat/7.3/RPMS/mips/ntp-4.1.1-1.1.mips.rpm
 227. ftp://oss.sgi.com/pub/linux/mips/redhat/7.3/RPMS/mips/ntp-4.1.1-1.2.mips.rpm
 228. ftp://oss.sgi.com/pub/linux/mips/redhat/7.3/RPMS/mips/ntsysv-1.3.5-3.1.mips.rpm
 229. ftp://oss.sgi.com/pub/linux/mips/redhat/7.3/RPMS/mips/open-1.4-11.1.mips.rpm
 230. ftp://oss.sgi.com/pub/linux/mips/redhat/7.3/RPMS/mips/openssh-3.1p1-6.1.mips.rpm
 231. ftp://oss.sgi.com/pub/linux/mips/redhat/7.3/RPMS/mips/openssh-3.1p1-6.2.mips.rpm
 232. ftp://oss.sgi.com/pub/linux/mips/redhat/7.3/RPMS/mips/openssh-clients-3.1p1-6.1.mips.rpm
 233. ftp://oss.sgi.com/pub/linux/mips/redhat/7.3/RPMS/mips/openssh-clients-3.1p1-6.2.mips.rpm
 234. ftp://oss.sgi.com/pub/linux/mips/redhat/7.3/RPMS/mips/openssh-server-3.1p1-6.1.mips.rpm
 235. ftp://oss.sgi.com/pub/linux/mips/redhat/7.3/RPMS/mips/openssh-server-3.1p1-6.2.mips.rpm
 236. ftp://oss.sgi.com/pub/linux/mips/redhat/7.3/RPMS/mips/openssl-0.9.6b-18.1.mips.rpm
 237. ftp://oss.sgi.com/pub/linux/mips/redhat/7.3/RPMS/mips/openssl-0.9.6b-28.1.mips.rpm
 238. ftp://oss.sgi.com/pub/linux/mips/redhat/7.3/RPMS/mips/openssl-devel-0.9.6b-18.1.mips.rpm
 239. ftp://oss.sgi.com/pub/linux/mips/redhat/7.3/RPMS/mips/openssl-devel-0.9.6b-28.1.mips.rpm
 240. ftp://oss.sgi.com/pub/linux/mips/redhat/7.3/RPMS/mips/openssl-perl-0.9.6b-18.1.mips.rpm
 241. ftp://oss.sgi.com/pub/linux/mips/redhat/7.3/RPMS/mips/openssl-perl-0.9.6b-28.1.mips.rpm
 242. ftp://oss.sgi.com/pub/linux/mips/redhat/7.3/RPMS/mips/pam-0.75-32.1.mips.rpm
 243. ftp://oss.sgi.com/pub/linux/mips/redhat/7.3/RPMS/mips/pam-0.75-32.2.mips.rpm
 244. ftp://oss.sgi.com/pub/linux/mips/redhat/7.3/RPMS/mips/pam-devel-0.75-32.1.mips.rpm
 245. ftp://oss.sgi.com/pub/linux/mips/redhat/7.3/RPMS/mips/pam-devel-0.75-32.2.mips.rpm
 246. ftp://oss.sgi.com/pub/linux/mips/redhat/7.3/RPMS/mips/parted-1.4.24-3.2.mips.rpm
 247. ftp://oss.sgi.com/pub/linux/mips/redhat/7.3/RPMS/mips/parted-devel-1.4.24-3.2.mips.rpm
 248. ftp://oss.sgi.com/pub/linux/mips/redhat/7.3/RPMS/mips/passwd-0.67-1.1.mips.rpm
 249. ftp://oss.sgi.com/pub/linux/mips/redhat/7.3/RPMS/mips/patch-2.5.4-12.1.mips.rpm
 250. ftp://oss.sgi.com/pub/linux/mips/redhat/7.3/RPMS/mips/pciutils-2.1.9-2.1.mips.rpm
 251. ftp://oss.sgi.com/pub/linux/mips/redhat/7.3/RPMS/mips/pciutils-devel-2.1.9-2.1.mips.rpm
 252. ftp://oss.sgi.com/pub/linux/mips/redhat/7.3/RPMS/mips/pcre-3.9-2.1.mips.rpm
 253. ftp://oss.sgi.com/pub/linux/mips/redhat/7.3/RPMS/mips/pcre-devel-3.9-2.1.mips.rpm
 254. ftp://oss.sgi.com/pub/linux/mips/redhat/7.3/RPMS/mips/pkgconfig-0.12.0-1.1.mips.rpm
 255. ftp://oss.sgi.com/pub/linux/mips/redhat/7.3/RPMS/mips/pmake-1.45-4.1.mips.rpm
 256. ftp://oss.sgi.com/pub/linux/mips/redhat/7.3/RPMS/mips/popt-1.6.4-7x.18.3.mips.rpm
 257. ftp://oss.sgi.com/pub/linux/mips/redhat/7.3/RPMS/mips/portmap-4.0-41.2.mips.rpm
 258. ftp://oss.sgi.com/pub/linux/mips/redhat/7.3/RPMS/mips/postfix-1.1.7-2.1.mips.rpm
 259. ftp://oss.sgi.com/pub/linux/mips/redhat/7.3/RPMS/mips/postgresql-7.2.1-5.1.mips.rpm
 260. ftp://oss.sgi.com/pub/linux/mips/redhat/7.3/RPMS/mips/postgresql-contrib-7.2.1-5.1.mips.rpm
 261. ftp://oss.sgi.com/pub/linux/mips/redhat/7.3/RPMS/mips/postgresql-devel-7.2.1-5.1.mips.rpm
 262. ftp://oss.sgi.com/pub/linux/mips/redhat/7.3/RPMS/mips/postgresql-docs-7.2.1-5.1.mips.rpm
 263. ftp://oss.sgi.com/pub/linux/mips/redhat/7.3/RPMS/mips/postgresql-jdbc-7.2.1-5.1.mips.rpm
 264. ftp://oss.sgi.com/pub/linux/mips/redhat/7.3/RPMS/mips/postgresql-libs-7.2.1-5.1.mips.rpm
 265. ftp://oss.sgi.com/pub/linux/mips/redhat/7.3/RPMS/mips/postgresql-odbc-7.2.1-5.1.mips.rpm
 266. ftp://oss.sgi.com/pub/linux/mips/redhat/7.3/RPMS/mips/postgresql-python-7.2.1-5.1.mips.rpm
 267. ftp://oss.sgi.com/pub/linux/mips/redhat/7.3/RPMS/mips/postgresql-server-7.2.1-5.1.mips.rpm
 268. ftp://oss.sgi.com/pub/linux/mips/redhat/7.3/RPMS/mips/postgresql-tcl-7.2.1-5.1.mips.rpm
 269. ftp://oss.sgi.com/pub/linux/mips/redhat/7.3/RPMS/mips/procmail-3.22-5.2.mips.rpm
 270. ftp://oss.sgi.com/pub/linux/mips/redhat/7.3/RPMS/mips/procps-2.0.7-12.1.mips.rpm
 271. ftp://oss.sgi.com/pub/linux/mips/redhat/7.3/RPMS/mips/procps-X11-2.0.7-12.1.mips.rpm
 272. ftp://oss.sgi.com/pub/linux/mips/redhat/7.3/RPMS/mips/psmisc-20.2-2.1.mips.rpm
 273. ftp://oss.sgi.com/pub/linux/mips/redhat/7.3/RPMS/mips/psmisc-20.2-3.73.1.mips.rpm
 274. ftp://oss.sgi.com/pub/linux/mips/redhat/7.3/RPMS/mips/pump-0.8.11-7.1.mips.rpm
 275. ftp://oss.sgi.com/pub/linux/mips/redhat/7.3/RPMS/mips/pump-devel-0.8.11-7.1.mips.rpm
 276. ftp://oss.sgi.com/pub/linux/mips/redhat/7.3/RPMS/mips/pwdb-0.61.2-2.1.mips.rpm
 277. ftp://oss.sgi.com/pub/linux/mips/redhat/7.3/RPMS/mips/python-1.5.2-38.2.mips.rpm
 278. ftp://oss.sgi.com/pub/linux/mips/redhat/7.3/RPMS/mips/python-devel-1.5.2-38.2.mips.rpm
 279. ftp://oss.sgi.com/pub/linux/mips/redhat/7.3/RPMS/mips/python-docs-1.5.2-38.2.mips.rpm
 280. ftp://oss.sgi.com/pub/linux/mips/redhat/7.3/RPMS/mips/python-tools-1.5.2-38.2.mips.rpm
 281. ftp://oss.sgi.com/pub/linux/mips/redhat/7.3/RPMS/mips/rdate-1.2-1.1.mips.rpm
 282. ftp://oss.sgi.com/pub/linux/mips/redhat/7.3/RPMS/mips/readline-4.2a-4.1.mips.rpm
 283. ftp://oss.sgi.com/pub/linux/mips/redhat/7.3/RPMS/mips/readline-devel-4.2a-4.1.mips.rpm
 284. ftp://oss.sgi.com/pub/linux/mips/redhat/7.3/RPMS/mips/rpm-4.0.4-7x.18.3.mips.rpm
 285. ftp://oss.sgi.com/pub/linux/mips/redhat/7.3/RPMS/mips/rpm-build-4.0.4-7x.18.3.mips.rpm
 286. ftp://oss.sgi.com/pub/linux/mips/redhat/7.3/RPMS/mips/rpm-devel-4.0.4-7x.18.3.mips.rpm
 287. ftp://oss.sgi.com/pub/linux/mips/redhat/7.3/RPMS/mips/rpm-python-4.0.4-7x.18.3.mips.rpm
 288. ftp://oss.sgi.com/pub/linux/mips/redhat/7.3/RPMS/mips/rsh-0.17-5.1.mips.rpm
 289. ftp://oss.sgi.com/pub/linux/mips/redhat/7.3/RPMS/mips/rsh-server-0.17-5.1.mips.rpm
 290. ftp://oss.sgi.com/pub/linux/mips/redhat/7.3/RPMS/mips/sed-3.02-11.mips.rpm
 291. ftp://oss.sgi.com/pub/linux/mips/redhat/7.3/RPMS/mips/setserial-2.17-5.mips.rpm
 292. ftp://oss.sgi.com/pub/linux/mips/redhat/7.3/RPMS/mips/setuptool-1.8-2.1.mips.rpm
 293. ftp://oss.sgi.com/pub/linux/mips/redhat/7.3/RPMS/mips/sh-utils-2.0.11-14.1.mips.rpm
 294. ftp://oss.sgi.com/pub/linux/mips/redhat/7.3/RPMS/mips/shadow-utils-20000902-7.mips.rpm
 295. ftp://oss.sgi.com/pub/linux/mips/redhat/7.3/RPMS/mips/slang-1.4.5-2.1.mips.rpm
 296. ftp://oss.sgi.com/pub/linux/mips/redhat/7.3/RPMS/mips/slang-devel-1.4.5-2.1.mips.rpm
 297. ftp://oss.sgi.com/pub/linux/mips/redhat/7.3/RPMS/mips/slocate-2.6-1.mips.rpm
 298. ftp://oss.sgi.com/pub/linux/mips/redhat/7.3/RPMS/mips/strace-4.4-4.1.mips.rpm
 299. ftp://oss.sgi.com/pub/linux/mips/redhat/7.3/RPMS/mips/strace-4.4-8.1.mips.rpm
 300. ftp://oss.sgi.com/pub/linux/mips/redhat/7.3/RPMS/mips/sysklogd-1.4.1-8.1.mips.rpm
 301. ftp://oss.sgi.com/pub/linux/mips/redhat/7.3/RPMS/mips/tar-1.13.25-4.7.1.mips.rpm
 302. ftp://oss.sgi.com/pub/linux/mips/redhat/7.3/RPMS/mips/tar-1.13.25-4.mips.rpm
 303. ftp://oss.sgi.com/pub/linux/mips/redhat/7.3/RPMS/mips/tcl-8.3.3-67.1.mips.rpm
 304. ftp://oss.sgi.com/pub/linux/mips/redhat/7.3/RPMS/mips/tcl-8.3.3-67.2.mips.rpm
 305. ftp://oss.sgi.com/pub/linux/mips/redhat/7.3/RPMS/mips/tcllib-1.0-67.1.mips.rpm
 306. ftp://oss.sgi.com/pub/linux/mips/redhat/7.3/RPMS/mips/tcllib-1.0-67.2.mips.rpm
 307. ftp://oss.sgi.com/pub/linux/mips/redhat/7.3/RPMS/mips/tclx-8.3-67.1.mips.rpm
 308. ftp://oss.sgi.com/pub/linux/mips/redhat/7.3/RPMS/mips/tclx-8.3-67.2.mips.rpm
 309. ftp://oss.sgi.com/pub/linux/mips/redhat/7.3/RPMS/mips/tcp_wrappers-7.6-19.2.mips.rpm
 310. ftp://oss.sgi.com/pub/linux/mips/redhat/7.3/RPMS/mips/tcsh-6.10-6.1.mips.rpm
 311. ftp://oss.sgi.com/pub/linux/mips/redhat/7.3/RPMS/mips/telnet-0.17-20.1.mips.rpm
 312. ftp://oss.sgi.com/pub/linux/mips/redhat/7.3/RPMS/mips/telnet-server-0.17-20.1.mips.rpm
 313. ftp://oss.sgi.com/pub/linux/mips/redhat/7.3/RPMS/mips/texinfo-4.1-1.1.mips.rpm
 314. ftp://oss.sgi.com/pub/linux/mips/redhat/7.3/RPMS/mips/textutils-2.0.21-1.1.mips.rpm
 315. ftp://oss.sgi.com/pub/linux/mips/redhat/7.3/RPMS/mips/tftp-0.28-2.1.mips.rpm
 316. ftp://oss.sgi.com/pub/linux/mips/redhat/7.3/RPMS/mips/tftp-0.30-0.1.mips.rpm
 317. ftp://oss.sgi.com/pub/linux/mips/redhat/7.3/RPMS/mips/tftp-server-0.28-2.1.mips.rpm
 318. ftp://oss.sgi.com/pub/linux/mips/redhat/7.3/RPMS/mips/tftp-server-0.30-0.1.mips.rpm
 319. ftp://oss.sgi.com/pub/linux/mips/redhat/7.3/RPMS/mips/time-1.7-16.mips.rpm
 320. ftp://oss.sgi.com/pub/linux/mips/redhat/7.3/RPMS/mips/timeconfig-3.2.7-1.1.mips.rpm
 321. ftp://oss.sgi.com/pub/linux/mips/redhat/7.3/RPMS/mips/tmpwatch-2.8.3-1.1.mips.rpm
 322. ftp://oss.sgi.com/pub/linux/mips/redhat/7.3/RPMS/mips/traceroute-1.4a12-2.mips.rpm
 323. ftp://oss.sgi.com/pub/linux/mips/redhat/7.3/RPMS/mips/usbutils-0.9-5.mips.rpm
 324. ftp://oss.sgi.com/pub/linux/mips/redhat/7.3/RPMS/mips/usermode-1.53-2.1.mips.rpm
 325. ftp://oss.sgi.com/pub/linux/mips/redhat/7.3/RPMS/mips/utempter-0.5.2-6.1.mips.rpm
 326. ftp://oss.sgi.com/pub/linux/mips/redhat/7.3/RPMS/mips/util-linux-2.11n-12.2.mips.rpm
 327. ftp://oss.sgi.com/pub/linux/mips/redhat/7.3/RPMS/mips/util-linux-2.11n-12.7.3.1.mips.rpm
 328. ftp://oss.sgi.com/pub/linux/mips/redhat/7.3/RPMS/mips/vim-6.1-2.1.mips.rpm
 329. ftp://oss.sgi.com/pub/linux/mips/redhat/7.3/RPMS/mips/vixie-cron-3.0.1-64.1.mips.rpm
 330. ftp://oss.sgi.com/pub/linux/mips/redhat/7.3/RPMS/mips/which-2.13-3.mips.rpm
 331. ftp://oss.sgi.com/pub/linux/mips/redhat/7.3/RPMS/mips/wireless-tools-23-2.1.mips.rpm
 332. ftp://oss.sgi.com/pub/linux/mips/redhat/7.3/RPMS/mips/wvdial-1.41-16.1.mips.rpm
 333. ftp://oss.sgi.com/pub/linux/mips/redhat/7.3/RPMS/mips/xinetd-2.3.4-0.8.mips.rpm
 334. ftp://oss.sgi.com/pub/linux/mips/redhat/7.3/RPMS/mips/xinetd-2.3.9-0.73.mips.rpm
 335. ftp://oss.sgi.com/pub/linux/mips/redhat/7.3/RPMS/mips/yp-tools-2.6-4.mips.rpm
 336. ftp://oss.sgi.com/pub/linux/mips/redhat/7.3/RPMS/mips/ypbind-1.10-7.mips.rpm
 337. ftp://oss.sgi.com/pub/linux/mips/redhat/7.3/RPMS/mips/ypserv-2.2-9.1.mips.rpm
 338. ftp://oss.sgi.com/pub/linux/mips/redhat/7.3/RPMS/mips/ypserv-2.5-2.7x.1.mips.rpm
 339. ftp://oss.sgi.com/pub/linux/mips/redhat/7.3/RPMS/mips/zlib-1.1.3-25.7.1.mips.rpm
 340. ftp://oss.sgi.com/pub/linux/mips/redhat/7.3/RPMS/mips/zlib-devel-1.1.3-25.7.1.mips.rpm
 341. ftp://oss.sgi.com/pub/linux/mips/redhat/7.3/RPMS/mips/zsh-4.0.4-5.2.mips.rpm
 342. ftp://oss.sgi.com/pub/linux/mips/redhat/7.3/RPMS/mips/zsh-4.0.4-5.3.mips.rpm
