## "Bancha"
## Since 2007-12-02 (bancha-0.9.4-2, auth WmT)
#	sanitc-lx-headers -> 2.4.36
## Last modified 2007-12-02

## ...for native builds and testing
## -------------------------------------------------
## PACKAGE		# VERSION	# PREFIX?

#busybox			1.1.0-sb1d
busybox			1.1.0-sb1e
#bzip2			1.0.4		MINIMAL
bzip2			1.0.4-lch1a	MINIMAL
dosfstools		2.11
eg-init			0.9.0-2b
eg-progs		0.9.1
gzip			1.3.12		MINIMAL
#ld.so			1.9.11-fr1a
sed			4.1.5
#minised		1.11
tar			1.13-fr1a	MINIMAL
#tar			1.19		MINIMAL
#sanitc-uClibc-rt	0.9.26
sanitc-uClibc-rt	0.9.26-sb1c
#...need C++ compiler for umsdos_progs
#umsdos_progs		1.32-fr1a
util-linux		2.12r-eg1d	MINIMAL

#
#

make			3.81-sb1b
#sanitc-uClibc-dev	0.9.26-sb1b
sanitc-uClibc-dev	0.9.26-sb1c
sanitc-lx-headers	2.4.34.1-sb1e
#sanitc-lx-headers	2.4.36
sanitc-host-binutils	2.17-sb1d
#sanitc-host-binutils	2.17-lch1a
#sanitc-host-gcc		2.95.3-2-fr1a	HOST
sanitc-host-gcc		2.95.3-2-sb1c
#ncurses			5.6
ncurses			5.6-orig
findutils		4.2.29
patch			2.5.4-fr1b
