## "Bancha"
## Since 2008-04-24 (bancha-0.9.5, auth WmT)
#	findutils -> 4.2.33-sb1a
#	sanitc-lx-headers -> 2.4.36.7
## Last modified 2008-10-19

## ...for native builds and testing
## -------------------------------------------------
## PACKAGE		# VERSION	# PREFIX?

#busybox			1.1.0-sb1d
busybox			1.1.0-sb1e
#bzip2			1.0.4-eg2a	MINIMAL
bzip2			1.0.5		MINIMAL
dosfstools		2.11
eg-init			0.9.0-2b
eg-progs		0.9.1
gzip			1.3.12		MINIMAL
#ld.so			1.9.11-fr1a
sed			4.1.5-eg2b
#minised		1.11
#tar			1.13-eg2a	MINIMAL
tar			1.20		MINIMAL
sanitc-uClibc-rt	0.9.26-sb1c
#...need C++ compiler for umsdos_progs
#umsdos_progs		1.32-fr1a
util-linux		2.12r-eg1d	MINIMAL

#
#

make			3.81-eg2a
sanitc-uClibc-dev	0.9.26-sb1c
sanitc-lx-headers	2.4.36-sb2b
#sanitc-lx-headers	2.4.36.7
#sanitc-host-binutils	2.17-sb1d
sanitc-host-binutils	2.17-ban2a
#sanitc-host-gcc		2.95.3-2-fr1a	HOST
sanitc-host-gcc		2.95.3-2-sb1c
#ncurses			5.6-orig
ncurses			5.6-eg2a
#findutils		4.2.29-eg2a
findutils		4.2.33-sb1a
patch			2.5.4-eg2a
