## "Earl Grey"
## Since 2008-04-26 (freg-0.9.5, auth WmT)
## Last modified 2008-06-22

## ...for native builds and testing
## -------------------------------------------------
## PACKAGE		# VERSION	# PREFIX?

busybox			0.60.5-eg1b
bzip2			1.0.5		MINIMAL
dosfstools		2.11
eg-init			0.9.0-2b
eg-progs		0.9.4
gzip			1.3.12		MINIMAL
ld.so			1.9.11-fr1a
sed			4.1.5-eg2b
#minised			1.12
tar			1.13-eg2a	MINIMAL
#tar			1.19		MINIMAL
sanitc-uClibc-rt	0.9.20		RUNTIME
#umsdos_progs		1.32-eg2a
util-linux		2.12r-eg2a	MINIMAL

#	##
#	##

#	make			3.81-eg2a
#	#sanitc-uClibc-dev	0.9.26
#	#sanitc-lx-headers	2.0.40-eg1b
#	sanitc-lx-headers	2.0.40-eg2a
#	sanitc-host-binutils	2.16.1-eg2a
#	#sanitc-host-binutils	2.17-fr1a
#	#sanitc-host-gcc		2.95.3-2-eg1a
#	sanitc-host-gcc		2.95.3-2-fr1a
#	#ncurses			5.6-orig
#	ncurses			5.6-eg2a
#	findutils		4.2.33
#	patch			2.5.4-eg2a
