## "Earl Grey"
## Since 2007-12-02 (freg-0.9.4-2, auth WmT)
## Last modified 2007-12-02

## ...for native builds and testing
## -------------------------------------------------
## PACKAGE		# VERSION	# PREFIX?

busybox			0.60.5-eg1b
#bzip2			1.0.4		MINIMAL
bzip2			1.0.4-lch1a	MINIMAL
dosfstools		2.11
eg-init			0.9.0-2b
eg-progs		0.9.3
gzip			1.3.12		MINIMAL
ld.so			1.9.11-fr1a
sed			4.1.5
#minised			1.12
tar			1.13-fr1a	MINIMAL
#tar			1.19		MINIMAL
uClibc			0.9.20-eg2j	RUNTIME
umsdos_progs		1.32-eg1b
util-linux		2.12r-eg1d	MINIMAL


#	#
#	#
#	
#	#make			3.81-sb1b
#	#sanitc-uClibc-dev	0.9.26
#	##sanitc-uClibc-dev	0.9.28-sb1b
#	#sanitc-lx-headers	2.0.40		HOST
#	sanitc-lx-headers	2.0.40-sb1d
#	##sanitc-host-binutils	2.17-sb1b
#	#sanitc-host-binutils	2.17-sb1c
#	#sanitc-host-gcc		2.95.3-2-sb1c
#	##ncurses			5.6
#	#ncurses			5.6-orig
#	findutils		4.2.29
#	#patch			2.5.4-fr1b
