## "Lung Ching"
## Since 2007-12-02 (lching-0.9.4-2, auth WmT)
#	busybox -> 1.8.2
#	sanitc-lx-headers -> 2.6.23.12
## Last modified 2007-12-02

## ...for native builds and testing
## -------------------------------------------------
## PACKAGE		# VERSION	# PREFIX?

#busybox			1.8.0
busybox			1.8.2
#bzip2			1.0.4		MINIMAL
bzip2			1.0.4-lch1a	MINIMAL
#...meaningless if no UMDOS support in kernel:
#dosfstools		2.11
eg-init			0.9.0-2b
eg-progs		0.9.1
gzip			1.3.12 		MINIMAL
#ld.so			1.9.11-fr1a
sed			4.1.5
#minised		1.11
tar			1.13-fr1a	MINIMAL
#tar			1.19		MINIMAL
#sanitc-uClibc-rt	0.9.28-lch1a
sanitc-uClibc-rt	0.9.28-lch1b
#...need C++ compiler for umsdos_progs
#umsdos_progs		1.32-fr1a
#...util-linux build fails under lching
#util-linux		2.12r-eg1d	MINIMAL

#
#

make			3.81-sb1b
#sanitc-uClibc-dev	0.9.28-lch1a
sanitc-uClibc-dev	0.9.28-lch1b
sanitc-lx-headers	2.6.20.1-lch1b
#sanitc-lx-headers	2.6.23.12
#sanitc-host-binutils	2.16.1-sb1d
sanitc-host-binutils	2.17-lch1a
sanitc-host-gcc		4.1.2
#sanitc-host-gcc		4.2.0
ncurses			5.6-orig
findutils		4.2.29
patch			2.5.4-fr1b
