## "Lung Ching"
## Since 2008-04-24 (lching-0.9.5, auth WmT)
#	busybox -> 1.11.3
## Last modified 2008-09-29

## ...for native builds and testing
## -------------------------------------------------
## PACKAGE		# VERSION	# PREFIX?

#busybox			1.9.2
busybox			1.11.3
#bzip2			1.0.4-eg2a	MINIMAL
bzip2			1.0.5		MINIMAL
#...meaningless if no UMDOS support in kernel:
#dosfstools		2.11
eg-init			0.9.0-2b
eg-progs		0.9.1
gzip			1.3.12 		MINIMAL
#ld.so			1.9.11-fr1a
sed			4.1.5-eg2b
#minised		1.11
tar			1.13-eg2a	MINIMAL
#tar			1.20		MINIMAL
#sanitc-uClibc-rt	0.9.28-lch1b
sanitc-uClibc-rt	0.9.28.3
#...need C++ compiler for umsdos_progs
#umsdos_progs		1.32-fr1a
#...util-linux build fails under lching
#util-linux		2.12r-eg1d	MINIMAL

#
#

make			3.81-eg2a
#sanitc-uClibc-dev	0.9.28-lch1b
sanitc-uClibc-dev	0.9.28.3
#sanitc-lx-headers	2.6.23.12
sanitc-lx-headers	2.6.23.12-sb2a
#sanitc-host-binutils	2.17-lch1a
sanitc-host-binutils	2.17-ban2a
#sanitc-host-gcc		4.1.2
sanitc-host-gcc		4.1.2-lch2b	
#ncurses			5.6-orig
ncurses			5.6-eg2a
findutils		4.2.29-eg2a
patch			2.5.4-eg2a
